media-devices/build/intermediates/manifest_merge_blame_file/debug/manifest-merger-blame-debug-report.txt
1<?xml version="1.0" encoding="utf-8"?>
2<manifest xmlns:android="http://schemas.android.com/apk/res/android"
3    package="com.flashphoner.wcsexample.media_devices"
4    android:versionCode="2600001"
5    android:versionName="1.1" >
6
7    <uses-sdk
8        android:minSdkVersion="26"
9        android:targetSdkVersion="31" />
10
11    <uses-feature android:name="android.hardware.camera" />
11-->src/main/AndroidManifest.xml:5:5-60
11-->src/main/AndroidManifest.xml:5:19-57
12    <uses-feature android:name="android.hardware.camera.autofocus" />
12-->src/main/AndroidManifest.xml:6:5-70
12-->src/main/AndroidManifest.xml:6:19-67
13    <uses-feature
13-->src/main/AndroidManifest.xml:7:5-9:35
14        android:glEsVersion="0x00020000"
14-->src/main/AndroidManifest.xml:8:9-41
15        android:required="true" />
15-->src/main/AndroidManifest.xml:9:9-32
16
17    <uses-permission android:name="android.permission.CAMERA" />
17-->src/main/AndroidManifest.xml:11:5-65
17-->src/main/AndroidManifest.xml:11:22-62
18    <uses-permission android:name="android.permission.CHANGE_NETWORK_STATE" />
18-->src/main/AndroidManifest.xml:12:5-79
18-->src/main/AndroidManifest.xml:12:22-76
19    <uses-permission android:name="android.permission.MODIFY_AUDIO_SETTINGS" />
19-->src/main/AndroidManifest.xml:13:5-80
19-->src/main/AndroidManifest.xml:13:22-77
20    <uses-permission android:name="android.permission.RECORD_AUDIO" />
20-->src/main/AndroidManifest.xml:14:5-71
20-->src/main/AndroidManifest.xml:14:22-68
21    <uses-permission android:name="android.permission.INTERNET" />
21-->src/main/AndroidManifest.xml:15:5-67
21-->src/main/AndroidManifest.xml:15:22-64
22    <uses-permission android:name="android.permission.WRITE_EXTERNAL_STORAGE" />
22-->src/main/AndroidManifest.xml:16:5-81
22-->src/main/AndroidManifest.xml:16:22-78
23    <uses-permission android:name="android.permission.ACCESS_NETWORK_STATE" />
23-->src/main/AndroidManifest.xml:17:5-79
23-->src/main/AndroidManifest.xml:17:22-76
24
25    <application
25-->src/main/AndroidManifest.xml:19:5-36:19
26        android:allowBackup="true"
26-->src/main/AndroidManifest.xml:20:9-35
27        android:appComponentFactory="androidx.core.app.CoreComponentFactory"
27-->[androidx.core:core:1.7.0] AndroidManifest.xml:24:18-86
28        android:debuggable="true"
29        android:extractNativeLibs="false"
30        android:icon="@mipmap/ic_launcher"
30-->src/main/AndroidManifest.xml:21:9-43
31        android:label="@string/app_name"
31-->src/main/AndroidManifest.xml:22:9-41
32        android:networkSecurityConfig="@xml/network_security_config"
32-->src/main/AndroidManifest.xml:25:9-69
33        android:supportsRtl="true"
33-->src/main/AndroidManifest.xml:23:9-35
34        android:theme="@style/AppTheme" >
34-->src/main/AndroidManifest.xml:24:9-40
35        <activity
35-->src/main/AndroidManifest.xml:26:9-35:20
36            android:name="com.flashphoner.wcsexample.mediadevices.MediaDevicesActivity"
36-->src/main/AndroidManifest.xml:27:13-49
37            android:configChanges="orientation|screenSize"
37-->src/main/AndroidManifest.xml:28:13-59
38            android:exported="true"
38-->src/main/AndroidManifest.xml:30:13-36
39            android:label="@string/app_name" >
39-->src/main/AndroidManifest.xml:29:13-45
40            <intent-filter>
40-->src/main/AndroidManifest.xml:31:13-34:29
41                <action android:name="android.intent.action.MAIN" />
41-->src/main/AndroidManifest.xml:32:17-69
41-->src/main/AndroidManifest.xml:32:25-66
42
43                <category android:name="android.intent.category.LAUNCHER" />
43-->src/main/AndroidManifest.xml:33:17-77
43-->src/main/AndroidManifest.xml:33:27-74
44            </intent-filter>
45        </activity>
46
47        <provider
47-->[androidx.emoji2:emoji2:1.0.0] AndroidManifest.xml:26:9-34:20
48            android:name="androidx.startup.InitializationProvider"
48-->[androidx.emoji2:emoji2:1.0.0] AndroidManifest.xml:27:13-67
49            android:authorities="com.flashphoner.wcsexample.media_devices.androidx-startup"
49-->[androidx.emoji2:emoji2:1.0.0] AndroidManifest.xml:28:13-68
50            android:exported="false" >
50-->[androidx.emoji2:emoji2:1.0.0] AndroidManifest.xml:29:13-37
51            <meta-data
51-->[androidx.emoji2:emoji2:1.0.0] AndroidManifest.xml:31:13-33:52
52                android:name="androidx.emoji2.text.EmojiCompatInitializer"
52-->[androidx.emoji2:emoji2:1.0.0] AndroidManifest.xml:32:17-75
53                android:value="androidx.startup" />
53-->[androidx.emoji2:emoji2:1.0.0] AndroidManifest.xml:33:17-49
54            <meta-data
54-->[androidx.lifecycle:lifecycle-process:2.4.0] AndroidManifest.xml:31:13-33:52
55                android:name="androidx.lifecycle.ProcessLifecycleInitializer"
55-->[androidx.lifecycle:lifecycle-process:2.4.0] AndroidManifest.xml:32:17-78
56                android:value="androidx.startup" />
56-->[androidx.lifecycle:lifecycle-process:2.4.0] AndroidManifest.xml:33:17-49
57        </provider>
58    </application>
59
60</manifest>